android/app/build/intermediates/manifest_merge_blame_file/debug/manifest-merger-blame-debug-report.txt
1<?xml version="1.0" encoding="utf-8"?>
2<manifest xmlns:android="http://schemas.android.com/apk/res/android"
3    package="com.ahmedrahim.balqees"
4    android:versionCode="1"
5    android:versionName="1.0.0" >
6
7    <uses-sdk
8        android:minSdkVersion="23"
9        android:targetSdkVersion="34" />
10    <!--
11         The INTERNET permission is required for development. Specifically,
12         the Flutter tool needs it to communicate with the running application
13         to allow setting breakpoints, to provide hot reload, etc.
14    -->
15    <uses-permission android:name="android.permission.INTERNET" />
15-->src\main\AndroidManifest.xml:5:5-67
15-->src\main\AndroidManifest.xml:5:22-64
16    <uses-permission android:name="android.permission.ACCESS_NETWORK_STATE" />
16-->src\main\AndroidManifest.xml:6:5-79
16-->src\main\AndroidManifest.xml:6:22-76
17    <uses-permission android:name="android.permission.ACCESS_WIFI_STATE" /> <!-- 📍 الموقع GPS -->
17-->src\main\AndroidManifest.xml:7:5-76
17-->src\main\AndroidManifest.xml:7:22-73
18    <uses-permission android:name="android.permission.ACCESS_FINE_LOCATION" />
18-->src\main\AndroidManifest.xml:10:5-79
18-->src\main\AndroidManifest.xml:10:22-76
19    <uses-permission android:name="android.permission.ACCESS_COARSE_LOCATION" />
19-->src\main\AndroidManifest.xml:11:5-81
19-->src\main\AndroidManifest.xml:11:22-78
20    <uses-permission android:name="android.permission.ACCESS_BACKGROUND_LOCATION" /> <!-- 📞 المكالمات والهاتف -->
20-->src\main\AndroidManifest.xml:12:5-85
20-->src\main\AndroidManifest.xml:12:22-82
21    <uses-permission android:name="android.permission.CALL_PHONE" />
21-->src\main\AndroidManifest.xml:15:5-69
21-->src\main\AndroidManifest.xml:15:22-66
22    <uses-permission android:name="android.permission.READ_PHONE_STATE" />
22-->src\main\AndroidManifest.xml:16:5-75
22-->src\main\AndroidManifest.xml:16:22-72
23    <uses-permission android:name="android.permission.PROCESS_OUTGOING_CALLS" /> <!-- 💾 التخزين والملفات -->
23-->src\main\AndroidManifest.xml:17:5-81
23-->src\main\AndroidManifest.xml:17:22-78
24    <uses-permission android:name="android.permission.READ_EXTERNAL_STORAGE" />
24-->src\main\AndroidManifest.xml:20:5-80
24-->src\main\AndroidManifest.xml:20:22-77
25    <uses-permission
25-->src\main\AndroidManifest.xml:21:5-22:37
26        android:name="android.permission.WRITE_EXTERNAL_STORAGE"
26-->src\main\AndroidManifest.xml:21:22-78
27        android:maxSdkVersion="28" />
27-->src\main\AndroidManifest.xml:22:9-35
28    <uses-permission android:name="android.permission.MANAGE_EXTERNAL_STORAGE" /> <!-- 📷 الكاميرا والصور -->
28-->src\main\AndroidManifest.xml:23:5-82
28-->src\main\AndroidManifest.xml:23:22-79
29    <uses-permission android:name="android.permission.CAMERA" /> <!-- 🔔 الإشعارات (بما في ذلك FCM) -->
29-->src\main\AndroidManifest.xml:26:5-65
29-->src\main\AndroidManifest.xml:26:22-62
30    <uses-permission android:name="android.permission.POST_NOTIFICATIONS" />
30-->src\main\AndroidManifest.xml:29:5-77
30-->src\main\AndroidManifest.xml:29:22-74
31    <uses-permission android:name="com.google.android.c2dm.permission.RECEIVE" /> <!-- ⚙️ المهام بالخلفية والخدمة -->
31-->src\main\AndroidManifest.xml:30:5-82
31-->src\main\AndroidManifest.xml:30:22-79
32    <uses-permission android:name="android.permission.WAKE_LOCK" />
32-->src\main\AndroidManifest.xml:33:5-68
32-->src\main\AndroidManifest.xml:33:22-65
33    <uses-permission android:name="android.permission.FOREGROUND_SERVICE" />
33-->src\main\AndroidManifest.xml:34:5-77
33-->src\main\AndroidManifest.xml:34:22-74
34    <uses-permission android:name="android.permission.RECEIVE_BOOT_COMPLETED" />
34-->src\main\AndroidManifest.xml:35:5-81
34-->src\main\AndroidManifest.xml:35:22-78
35    <uses-permission android:name="android.permission.REQUEST_IGNORE_BATTERY_OPTIMIZATIONS" /> <!-- 🔊 الصوت والاهتزاز -->
35-->src\main\AndroidManifest.xml:36:5-95
35-->src\main\AndroidManifest.xml:36:22-92
36    <uses-permission android:name="android.permission.VIBRATE" />
36-->src\main\AndroidManifest.xml:39:5-66
36-->src\main\AndroidManifest.xml:39:22-63
37    <uses-permission android:name="android.permission.MODIFY_AUDIO_SETTINGS" /> <!-- 📡 البلوتوث -->
37-->src\main\AndroidManifest.xml:40:5-80
37-->src\main\AndroidManifest.xml:40:22-77
38    <uses-permission android:name="android.permission.BLUETOOTH" />
38-->src\main\AndroidManifest.xml:43:5-68
38-->src\main\AndroidManifest.xml:43:22-65
39    <uses-permission android:name="android.permission.BLUETOOTH_ADMIN" />
39-->src\main\AndroidManifest.xml:44:5-74
39-->src\main\AndroidManifest.xml:44:22-71
40    <uses-permission android:name="android.permission.BLUETOOTH_CONNECT" /> <!-- 💬 الرسائل والإعلامات -->
40-->src\main\AndroidManifest.xml:45:5-76
40-->src\main\AndroidManifest.xml:45:22-73
41    <uses-permission android:name="android.permission.RECEIVE_SMS" />
41-->src\main\AndroidManifest.xml:48:5-70
41-->src\main\AndroidManifest.xml:48:22-67
42    <uses-permission android:name="android.permission.READ_SMS" /> <!-- لـ Plugin النصوص -->
42-->src\main\AndroidManifest.xml:49:5-67
42-->src\main\AndroidManifest.xml:49:22-64
43    <queries>
43-->src\main\AndroidManifest.xml:82:5-87:15
44        <intent>
44-->src\main\AndroidManifest.xml:83:9-86:18
45            <action android:name="android.intent.action.PROCESS_TEXT" />
45-->src\main\AndroidManifest.xml:84:13-73
45-->src\main\AndroidManifest.xml:84:21-70
46
47            <data android:mimeType="text/plain" />
47-->src\main\AndroidManifest.xml:85:13-51
47-->src\main\AndroidManifest.xml:85:19-48
48        </intent>
49    </queries>
50
51    <uses-permission android:name="android.permission.USE_FULL_SCREEN_INTENT" />
51-->[:flutter_local_notifications] AndroidManifest.xml:9:5-81
51-->[:flutter_local_notifications] AndroidManifest.xml:9:22-78
52    <uses-permission android:name="android.permission.SCHEDULE_EXACT_ALARM" />
52-->[:flutter_local_notifications] AndroidManifest.xml:10:5-79
52-->[:flutter_local_notifications] AndroidManifest.xml:10:22-76
53    <uses-permission android:name="com.google.android.providers.gsf.permission.READ_GSERVICES" />
53-->[com.google.android.recaptcha:recaptcha:18.4.0] AndroidManifest.xml:9:5-98
53-->[com.google.android.recaptcha:recaptcha:18.4.0] AndroidManifest.xml:9:22-95
54
55    <permission
55-->[androidx.core:core:1.13.1] AndroidManifest.xml:22:5-24:47
56        android:name="com.ahmedrahim.balqees.DYNAMIC_RECEIVER_NOT_EXPORTED_PERMISSION"
56-->[androidx.core:core:1.13.1] AndroidManifest.xml:23:9-81
57        android:protectionLevel="signature" />
57-->[androidx.core:core:1.13.1] AndroidManifest.xml:24:9-44
58
59    <uses-permission android:name="com.ahmedrahim.balqees.DYNAMIC_RECEIVER_NOT_EXPORTED_PERMISSION" />
59-->[androidx.core:core:1.13.1] AndroidManifest.xml:26:5-97
59-->[androidx.core:core:1.13.1] AndroidManifest.xml:26:22-94
60
61    <application
62        android:name="android.app.Application"
63        android:appComponentFactory="androidx.core.app.CoreComponentFactory"
63-->[androidx.core:core:1.13.1] AndroidManifest.xml:28:18-86
64        android:debuggable="true"
65        android:extractNativeLibs="false"
66        android:icon="@mipmap/ic_launcher"
67        android:label="balqees" >
68        <activity
69            android:name="com.ahmedrahim.balqees.MainActivity"
70            android:configChanges="orientation|keyboardHidden|keyboard|screenSize|smallestScreenSize|locale|layoutDirection|fontScale|screenLayout|density|uiMode"
71            android:exported="true"
72            android:hardwareAccelerated="true"
73            android:launchMode="singleTop"
74            android:taskAffinity=""
75            android:theme="@style/LaunchTheme"
76            android:windowSoftInputMode="adjustResize" >
77            <meta-data
78                android:name="io.flutter.embedding.android.NormalTheme"
79                android:resource="@style/NormalTheme" />
80
81            <intent-filter>
82                <action android:name="android.intent.action.MAIN" />
83
84                <category android:name="android.intent.category.LAUNCHER" />
85            </intent-filter>
86        </activity>
87
88        <meta-data
89            android:name="flutterEmbedding"
90            android:value="2" />
91
92        <service
92-->[:cloud_firestore] AndroidManifest.xml:8:9-12:19
93            android:name="com.google.firebase.components.ComponentDiscoveryService"
93-->[:cloud_firestore] AndroidManifest.xml:8:18-89
94            android:directBootAware="true"
94-->[com.google.firebase:firebase-common:20.4.3] AndroidManifest.xml:32:13-43
95            android:exported="false" >
95-->[com.google.firebase:firebase-iid:21.1.0] AndroidManifest.xml:31:13-37
96            <meta-data
96-->[:cloud_firestore] AndroidManifest.xml:9:13-11:85
97                android:name="com.google.firebase.components:io.flutter.plugins.firebase.firestore.FlutterFirebaseFirestoreRegistrar"
97-->[:cloud_firestore] AndroidManifest.xml:10:17-134
98                android:value="com.google.firebase.components.ComponentRegistrar" />
98-->[:cloud_firestore] AndroidManifest.xml:11:17-82
99            <meta-data
99-->[:firebase_auth] AndroidManifest.xml:9:13-11:85
100                android:name="com.google.firebase.components:io.flutter.plugins.firebase.auth.FlutterFirebaseAuthRegistrar"
100-->[:firebase_auth] AndroidManifest.xml:10:17-124
101                android:value="com.google.firebase.components.ComponentRegistrar" />
101-->[:firebase_auth] AndroidManifest.xml:11:17-82
102            <meta-data
102-->[:firebase_database] AndroidManifest.xml:9:13-11:85
103                android:name="com.google.firebase.components:io.flutter.plugins.firebase.database.FlutterFirebaseAppRegistrar"
103-->[:firebase_database] AndroidManifest.xml:10:17-127
104                android:value="com.google.firebase.components.ComponentRegistrar" />
104-->[:firebase_database] AndroidManifest.xml:11:17-82
105            <meta-data
105-->[:firebase_messaging] AndroidManifest.xml:36:13-38:85
106                android:name="com.google.firebase.components:io.flutter.plugins.firebase.messaging.FlutterFirebaseAppRegistrar"
106-->[:firebase_messaging] AndroidManifest.xml:37:17-128
107                android:value="com.google.firebase.components.ComponentRegistrar" />
107-->[:firebase_messaging] AndroidManifest.xml:38:17-82
108            <meta-data
108-->[:firebase_core] AndroidManifest.xml:9:13-11:85
109                android:name="com.google.firebase.components:io.flutter.plugins.firebase.core.FlutterFirebaseCoreRegistrar"
109-->[:firebase_core] AndroidManifest.xml:10:17-124
110                android:value="com.google.firebase.components.ComponentRegistrar" />
110-->[:firebase_core] AndroidManifest.xml:11:17-82
111            <meta-data
111-->[com.google.firebase:firebase-iid:21.1.0] AndroidManifest.xml:32:13-34:85
112                android:name="com.google.firebase.components:com.google.firebase.iid.Registrar"
112-->[com.google.firebase:firebase-iid:21.1.0] AndroidManifest.xml:33:17-96
113                android:value="com.google.firebase.components.ComponentRegistrar" />
113-->[com.google.firebase:firebase-iid:21.1.0] AndroidManifest.xml:34:17-82
114            <meta-data
114-->[com.google.firebase:firebase-auth:22.3.1] AndroidManifest.xml:69:13-71:85
115                android:name="com.google.firebase.components:com.google.firebase.auth.FirebaseAuthRegistrar"
115-->[com.google.firebase:firebase-auth:22.3.1] AndroidManifest.xml:70:17-109
116                android:value="com.google.firebase.components.ComponentRegistrar" />
116-->[com.google.firebase:firebase-auth:22.3.1] AndroidManifest.xml:71:17-82
117            <meta-data
117-->[com.google.firebase:firebase-messaging:23.4.1] AndroidManifest.xml:57:13-59:85
118                android:name="com.google.firebase.components:com.google.firebase.messaging.FirebaseMessagingKtxRegistrar"
118-->[com.google.firebase:firebase-messaging:23.4.1] AndroidManifest.xml:58:17-122
119                android:value="com.google.firebase.components.ComponentRegistrar" />
119-->[com.google.firebase:firebase-messaging:23.4.1] AndroidManifest.xml:59:17-82
120            <meta-data
120-->[com.google.firebase:firebase-messaging:23.4.1] AndroidManifest.xml:60:13-62:85
121                android:name="com.google.firebase.components:com.google.firebase.messaging.FirebaseMessagingRegistrar"
121-->[com.google.firebase:firebase-messaging:23.4.1] AndroidManifest.xml:61:17-119
122                android:value="com.google.firebase.components.ComponentRegistrar" />
122-->[com.google.firebase:firebase-messaging:23.4.1] AndroidManifest.xml:62:17-82
123            <meta-data
123-->[com.google.firebase:firebase-firestore:24.11.0] AndroidManifest.xml:17:13-19:85
124                android:name="com.google.firebase.components:com.google.firebase.firestore.FirebaseFirestoreKtxRegistrar"
124-->[com.google.firebase:firebase-firestore:24.11.0] AndroidManifest.xml:18:17-122
125                android:value="com.google.firebase.components.ComponentRegistrar" />
125-->[com.google.firebase:firebase-firestore:24.11.0] AndroidManifest.xml:19:17-82
126            <meta-data
126-->[com.google.firebase:firebase-firestore:24.11.0] AndroidManifest.xml:20:13-22:85
127                android:name="com.google.firebase.components:com.google.firebase.firestore.FirestoreRegistrar"
127-->[com.google.firebase:firebase-firestore:24.11.0] AndroidManifest.xml:21:17-111
128                android:value="com.google.firebase.components.ComponentRegistrar" />
128-->[com.google.firebase:firebase-firestore:24.11.0] AndroidManifest.xml:22:17-82
129            <meta-data
129-->[com.google.firebase:firebase-database:20.3.1] AndroidManifest.xml:29:13-31:85
130                android:name="com.google.firebase.components:com.google.firebase.database.FirebaseDatabaseKtxRegistrar"
130-->[com.google.firebase:firebase-database:20.3.1] AndroidManifest.xml:30:17-120
131                android:value="com.google.firebase.components.ComponentRegistrar" />
131-->[com.google.firebase:firebase-database:20.3.1] AndroidManifest.xml:31:17-82
132            <meta-data
132-->[com.google.firebase:firebase-database:20.3.1] AndroidManifest.xml:32:13-34:85
133                android:name="com.google.firebase.components:com.google.firebase.database.DatabaseRegistrar"
133-->[com.google.firebase:firebase-database:20.3.1] AndroidManifest.xml:33:17-109
134                android:value="com.google.firebase.components.ComponentRegistrar" />
134-->[com.google.firebase:firebase-database:20.3.1] AndroidManifest.xml:34:17-82
135            <meta-data
135-->[com.google.firebase:firebase-installations:17.2.0] AndroidManifest.xml:15:13-17:85
136                android:name="com.google.firebase.components:com.google.firebase.installations.FirebaseInstallationsKtxRegistrar"
136-->[com.google.firebase:firebase-installations:17.2.0] AndroidManifest.xml:16:17-130
137                android:value="com.google.firebase.components.ComponentRegistrar" />
137-->[com.google.firebase:firebase-installations:17.2.0] AndroidManifest.xml:17:17-82
138            <meta-data
138-->[com.google.firebase:firebase-installations:17.2.0] AndroidManifest.xml:18:13-20:85
139                android:name="com.google.firebase.components:com.google.firebase.installations.FirebaseInstallationsRegistrar"
139-->[com.google.firebase:firebase-installations:17.2.0] AndroidManifest.xml:19:17-127
140                android:value="com.google.firebase.components.ComponentRegistrar" />
140-->[com.google.firebase:firebase-installations:17.2.0] AndroidManifest.xml:20:17-82
141            <meta-data
141-->[com.google.firebase:firebase-common-ktx:20.4.3] AndroidManifest.xml:12:13-14:85
142                android:name="com.google.firebase.components:com.google.firebase.ktx.FirebaseCommonLegacyRegistrar"
142-->[com.google.firebase:firebase-common-ktx:20.4.3] AndroidManifest.xml:13:17-116
143                android:value="com.google.firebase.components.ComponentRegistrar" />
143-->[com.google.firebase:firebase-common-ktx:20.4.3] AndroidManifest.xml:14:17-82
144            <meta-data
144-->[com.google.firebase:firebase-common:20.4.3] AndroidManifest.xml:35:13-37:85
145                android:name="com.google.firebase.components:com.google.firebase.FirebaseCommonKtxRegistrar"
145-->[com.google.firebase:firebase-common:20.4.3] AndroidManifest.xml:36:17-109
146                android:value="com.google.firebase.components.ComponentRegistrar" />
146-->[com.google.firebase:firebase-common:20.4.3] AndroidManifest.xml:37:17-82
147            <meta-data
147-->[com.google.firebase:firebase-datatransport:18.1.7] AndroidManifest.xml:27:13-29:85
148                android:name="com.google.firebase.components:com.google.firebase.datatransport.TransportRegistrar"
148-->[com.google.firebase:firebase-datatransport:18.1.7] AndroidManifest.xml:28:17-115
149                android:value="com.google.firebase.components.ComponentRegistrar" />
149-->[com.google.firebase:firebase-datatransport:18.1.7] AndroidManifest.xml:29:17-82
150        </service>
151        <service
151-->[:firebase_messaging] AndroidManifest.xml:14:9-17:72
152            android:name="io.flutter.plugins.firebase.messaging.FlutterFirebaseMessagingBackgroundService"
152-->[:firebase_messaging] AndroidManifest.xml:15:13-107
153            android:exported="false"
153-->[:firebase_messaging] AndroidManifest.xml:16:13-37
154            android:permission="android.permission.BIND_JOB_SERVICE" />
154-->[:firebase_messaging] AndroidManifest.xml:17:13-69
155        <service
155-->[:firebase_messaging] AndroidManifest.xml:18:9-24:19
156            android:name="io.flutter.plugins.firebase.messaging.FlutterFirebaseMessagingService"
156-->[:firebase_messaging] AndroidManifest.xml:19:13-97
157            android:exported="false" >
157-->[:firebase_messaging] AndroidManifest.xml:20:13-37
158            <intent-filter>
158-->[:firebase_messaging] AndroidManifest.xml:21:13-23:29
159                <action android:name="com.google.firebase.MESSAGING_EVENT" />
159-->[:firebase_messaging] AndroidManifest.xml:22:17-78
159-->[:firebase_messaging] AndroidManifest.xml:22:25-75
160            </intent-filter>
161        </service>
162
163        <receiver
163-->[:firebase_messaging] AndroidManifest.xml:26:9-33:20
164            android:name="io.flutter.plugins.firebase.messaging.FlutterFirebaseMessagingReceiver"
164-->[:firebase_messaging] AndroidManifest.xml:27:13-98
165            android:exported="true"
165-->[:firebase_messaging] AndroidManifest.xml:28:13-36
166            android:permission="com.google.android.c2dm.permission.SEND" >
166-->[:firebase_messaging] AndroidManifest.xml:29:13-73
167            <intent-filter>
167-->[:firebase_messaging] AndroidManifest.xml:30:13-32:29
168                <action android:name="com.google.android.c2dm.intent.RECEIVE" />
168-->[:firebase_messaging] AndroidManifest.xml:31:17-81
168-->[:firebase_messaging] AndroidManifest.xml:31:25-78
169            </intent-filter>
170        </receiver>
171
172        <provider
172-->[:firebase_messaging] AndroidManifest.xml:41:9-45:38
173            android:name="io.flutter.plugins.firebase.messaging.FlutterFirebaseMessagingInitProvider"
173-->[:firebase_messaging] AndroidManifest.xml:42:13-102
174            android:authorities="com.ahmedrahim.balqees.flutterfirebasemessaginginitprovider"
174-->[:firebase_messaging] AndroidManifest.xml:43:13-88
175            android:exported="false"
175-->[:firebase_messaging] AndroidManifest.xml:44:13-37
176            android:initOrder="99" />
176-->[:firebase_messaging] AndroidManifest.xml:45:13-35
177
178        <receiver
178-->[:flutter_local_notifications] AndroidManifest.xml:14:9-16:40
179            android:name="com.dexterous.flutterlocalnotifications.ActionBroadcastReceiver"
179-->[:flutter_local_notifications] AndroidManifest.xml:15:13-91
180            android:exported="false" />
180-->[:flutter_local_notifications] AndroidManifest.xml:16:13-37
181        <receiver
181-->[:flutter_local_notifications] AndroidManifest.xml:17:9-19:40
182            android:name="com.dexterous.flutterlocalnotifications.ScheduledNotificationReceiver"
182-->[:flutter_local_notifications] AndroidManifest.xml:18:13-97
183            android:exported="false" />
183-->[:flutter_local_notifications] AndroidManifest.xml:19:13-37
184        <receiver
184-->[:flutter_local_notifications] AndroidManifest.xml:20:9-29:20
185            android:name="com.dexterous.flutterlocalnotifications.ScheduledNotificationBootReceiver"
185-->[:flutter_local_notifications] AndroidManifest.xml:21:13-101
186            android:exported="false" >
186-->[:flutter_local_notifications] AndroidManifest.xml:22:13-37
187            <intent-filter>
187-->[:flutter_local_notifications] AndroidManifest.xml:23:13-28:29
188                <action android:name="android.intent.action.BOOT_COMPLETED" />
188-->[:flutter_local_notifications] AndroidManifest.xml:24:17-79
188-->[:flutter_local_notifications] AndroidManifest.xml:24:25-76
189                <action android:name="android.intent.action.MY_PACKAGE_REPLACED" />
189-->[:flutter_local_notifications] AndroidManifest.xml:25:17-84
189-->[:flutter_local_notifications] AndroidManifest.xml:25:25-81
190                <action android:name="android.intent.action.QUICKBOOT_POWERON" />
190-->[:flutter_local_notifications] AndroidManifest.xml:26:17-82
190-->[:flutter_local_notifications] AndroidManifest.xml:26:25-79
191                <action android:name="com.htc.intent.action.QUICKBOOT_POWERON" />
191-->[:flutter_local_notifications] AndroidManifest.xml:27:17-82
191-->[:flutter_local_notifications] AndroidManifest.xml:27:25-79
192            </intent-filter>
193        </receiver>
194
195        <service
195-->[:geolocator_android] AndroidManifest.xml:8:9-12:56
196            android:name="com.baseflow.geolocator.GeolocatorLocationService"
196-->[:geolocator_android] AndroidManifest.xml:9:13-77
197            android:enabled="true"
197-->[:geolocator_android] AndroidManifest.xml:10:13-35
198            android:exported="false"
198-->[:geolocator_android] AndroidManifest.xml:11:13-37
199            android:foregroundServiceType="location" />
199-->[:geolocator_android] AndroidManifest.xml:12:13-53
200        <service
200-->[:location] AndroidManifest.xml:11:9-15:56
201            android:name="com.lyokone.location.FlutterLocationService"
201-->[:location] AndroidManifest.xml:12:13-71
202            android:enabled="true"
202-->[:location] AndroidManifest.xml:13:13-35
203            android:exported="false"
203-->[:location] AndroidManifest.xml:14:13-37
204            android:foregroundServiceType="location" />
204-->[:location] AndroidManifest.xml:15:13-53
205
206        <activity
206-->[:url_launcher_android] AndroidManifest.xml:8:9-11:74
207            android:name="io.flutter.plugins.urllauncher.WebViewActivity"
207-->[:url_launcher_android] AndroidManifest.xml:9:13-74
208            android:exported="false"
208-->[:url_launcher_android] AndroidManifest.xml:10:13-37
209            android:theme="@android:style/Theme.NoTitleBar.Fullscreen" />
209-->[:url_launcher_android] AndroidManifest.xml:11:13-71
210        <activity
210-->[com.google.firebase:firebase-auth:22.3.1] AndroidManifest.xml:29:9-46:20
211            android:name="com.google.firebase.auth.internal.GenericIdpActivity"
211-->[com.google.firebase:firebase-auth:22.3.1] AndroidManifest.xml:30:13-80
212            android:excludeFromRecents="true"
212-->[com.google.firebase:firebase-auth:22.3.1] AndroidManifest.xml:31:13-46
213            android:exported="true"
213-->[com.google.firebase:firebase-auth:22.3.1] AndroidManifest.xml:32:13-36
214            android:launchMode="singleTask"
214-->[com.google.firebase:firebase-auth:22.3.1] AndroidManifest.xml:33:13-44
215            android:theme="@android:style/Theme.Translucent.NoTitleBar" >
215-->[com.google.firebase:firebase-auth:22.3.1] AndroidManifest.xml:34:13-72
216            <intent-filter>
216-->[com.google.firebase:firebase-auth:22.3.1] AndroidManifest.xml:35:13-45:29
217                <action android:name="android.intent.action.VIEW" />
217-->[com.google.firebase:firebase-auth:22.3.1] AndroidManifest.xml:36:17-69
217-->[com.google.firebase:firebase-auth:22.3.1] AndroidManifest.xml:36:25-66
218
219                <category android:name="android.intent.category.DEFAULT" />
219-->[com.google.firebase:firebase-auth:22.3.1] AndroidManifest.xml:38:17-76
219-->[com.google.firebase:firebase-auth:22.3.1] AndroidManifest.xml:38:27-73
220                <category android:name="android.intent.category.BROWSABLE" />
220-->[com.google.firebase:firebase-auth:22.3.1] AndroidManifest.xml:39:17-78
220-->[com.google.firebase:firebase-auth:22.3.1] AndroidManifest.xml:39:27-75
221
222                <data
222-->src\main\AndroidManifest.xml:85:13-51
223                    android:host="firebase.auth"
224                    android:path="/"
225                    android:scheme="genericidp" />
226            </intent-filter>
227        </activity>
228        <activity
228-->[com.google.firebase:firebase-auth:22.3.1] AndroidManifest.xml:47:9-64:20
229            android:name="com.google.firebase.auth.internal.RecaptchaActivity"
229-->[com.google.firebase:firebase-auth:22.3.1] AndroidManifest.xml:48:13-79
230            android:excludeFromRecents="true"
230-->[com.google.firebase:firebase-auth:22.3.1] AndroidManifest.xml:49:13-46
231            android:exported="true"
231-->[com.google.firebase:firebase-auth:22.3.1] AndroidManifest.xml:50:13-36
232            android:launchMode="singleTask"
232-->[com.google.firebase:firebase-auth:22.3.1] AndroidManifest.xml:51:13-44
233            android:theme="@android:style/Theme.Translucent.NoTitleBar" >
233-->[com.google.firebase:firebase-auth:22.3.1] AndroidManifest.xml:52:13-72
234            <intent-filter>
234-->[com.google.firebase:firebase-auth:22.3.1] AndroidManifest.xml:53:13-63:29
235                <action android:name="android.intent.action.VIEW" />
235-->[com.google.firebase:firebase-auth:22.3.1] AndroidManifest.xml:36:17-69
235-->[com.google.firebase:firebase-auth:22.3.1] AndroidManifest.xml:36:25-66
236
237                <category android:name="android.intent.category.DEFAULT" />
237-->[com.google.firebase:firebase-auth:22.3.1] AndroidManifest.xml:38:17-76
237-->[com.google.firebase:firebase-auth:22.3.1] AndroidManifest.xml:38:27-73
238                <category android:name="android.intent.category.BROWSABLE" />
238-->[com.google.firebase:firebase-auth:22.3.1] AndroidManifest.xml:39:17-78
238-->[com.google.firebase:firebase-auth:22.3.1] AndroidManifest.xml:39:27-75
239
240                <data
240-->src\main\AndroidManifest.xml:85:13-51
241                    android:host="firebase.auth"
242                    android:path="/"
243                    android:scheme="recaptcha" />
244            </intent-filter>
245        </activity>
246
247        <uses-library
247-->[androidx.window:window:1.2.0] AndroidManifest.xml:23:9-25:40
248            android:name="androidx.window.extensions"
248-->[androidx.window:window:1.2.0] AndroidManifest.xml:24:13-54
249            android:required="false" />
249-->[androidx.window:window:1.2.0] AndroidManifest.xml:25:13-37
250        <uses-library
250-->[androidx.window:window:1.2.0] AndroidManifest.xml:26:9-28:40
251            android:name="androidx.window.sidecar"
251-->[androidx.window:window:1.2.0] AndroidManifest.xml:27:13-51
252            android:required="false" />
252-->[androidx.window:window:1.2.0] AndroidManifest.xml:28:13-37
253
254        <receiver
254-->[com.google.firebase:firebase-messaging:23.4.1] AndroidManifest.xml:29:9-40:20
255            android:name="com.google.firebase.iid.FirebaseInstanceIdReceiver"
255-->[com.google.firebase:firebase-messaging:23.4.1] AndroidManifest.xml:30:13-78
256            android:exported="true"
256-->[com.google.firebase:firebase-messaging:23.4.1] AndroidManifest.xml:31:13-36
257            android:permission="com.google.android.c2dm.permission.SEND" >
257-->[com.google.firebase:firebase-messaging:23.4.1] AndroidManifest.xml:32:13-73
258            <intent-filter>
258-->[:firebase_messaging] AndroidManifest.xml:30:13-32:29
259                <action android:name="com.google.android.c2dm.intent.RECEIVE" />
259-->[:firebase_messaging] AndroidManifest.xml:31:17-81
259-->[:firebase_messaging] AndroidManifest.xml:31:25-78
260            </intent-filter>
261
262            <meta-data
262-->[com.google.firebase:firebase-messaging:23.4.1] AndroidManifest.xml:37:13-39:40
263                android:name="com.google.android.gms.cloudmessaging.FINISHED_AFTER_HANDLED"
263-->[com.google.firebase:firebase-messaging:23.4.1] AndroidManifest.xml:38:17-92
264                android:value="true" />
264-->[com.google.firebase:firebase-messaging:23.4.1] AndroidManifest.xml:39:17-37
265        </receiver>
266        <!--
267             FirebaseMessagingService performs security checks at runtime,
268             but set to not exported to explicitly avoid allowing another app to call it.
269        -->
270        <service
270-->[com.google.firebase:firebase-messaging:23.4.1] AndroidManifest.xml:46:9-53:19
271            android:name="com.google.firebase.messaging.FirebaseMessagingService"
271-->[com.google.firebase:firebase-messaging:23.4.1] AndroidManifest.xml:47:13-82
272            android:directBootAware="true"
272-->[com.google.firebase:firebase-messaging:23.4.1] AndroidManifest.xml:48:13-43
273            android:exported="false" >
273-->[com.google.firebase:firebase-messaging:23.4.1] AndroidManifest.xml:49:13-37
274            <intent-filter android:priority="-500" >
274-->[:firebase_messaging] AndroidManifest.xml:21:13-23:29
275                <action android:name="com.google.firebase.MESSAGING_EVENT" />
275-->[:firebase_messaging] AndroidManifest.xml:22:17-78